<?xml version="1.0" encoding="UTF-8"?>
<testng-results ignored="0" total="1" passed="1" failed="0" skipped="0">
  <reporter-output>
  </reporter-output>
  <suite started-at="2024-06-02T17:01:46 CST" name="Default suite" finished-at="2024-06-02T17:01:51 CST" duration-ms="5125">
    <groups>
    </groups>
    <test started-at="2024-06-02T17:01:46 CST" name="Default test" finished-at="2024-06-02T17:01:51 CST" duration-ms="5125">
      <class name="testindex">
        <test-method signature="TestAPI()[pri:0, instance:testindex@12468a38]" started-at="2024-06-02T17:01:46 CST" name="TestAPI" finished-at="2024-06-02T17:01:51 CST" duration-ms="5072" status="PASS">
          <reporter-output>
          </reporter-output>
        </test-method> <!-- TestAPI -->
      </class> <!-- testindex -->
    </test> <!-- Default test -->
  </suite> <!-- Default suite -->
</testng-results>
